app_demo/build/intermediates/manifest_merge_blame_file/debug/manifest-merger-blame-debug-report.txt
1<?xml version="1.0" encoding="utf-8"?>
2<manifest xmlns:android="http://schemas.android.com/apk/res/android"
3    package="com.plkj.demo"
4    android:versionCode="1"
5    android:versionName="1.0" >
6
7    <uses-sdk
8        android:minSdkVersion="19"
8-->main\module\AndroidManifest.xml
9        android:targetSdkVersion="28" />
9-->main\module\AndroidManifest.xml
10
11    <uses-permission android:name="android.permission.ACCESS_COARSE_LOCATION" />
11-->main\module\AndroidManifest.xml:5:5-81
11-->main\module\AndroidManifest.xml:5:22-78
12    <uses-permission android:name="android.permission.BLUETOOTH" />
12-->main\module\AndroidManifest.xml:6:5-68
12-->main\module\AndroidManifest.xml:6:22-65
13    <uses-permission android:name="android.permission.BLUETOOTH_ADMIN" />
13-->main\module\AndroidManifest.xml:7:5-74
13-->main\module\AndroidManifest.xml:7:22-71
14    <uses-permission android:name="android.permission.INTERNET" />
14-->main\module\AndroidManifest.xml:8:5-67
14-->main\module\AndroidManifest.xml:8:22-64
15    <uses-permission android:name="android.permission.ACCESS_NETWORK_STATE" />
15-->[:common] AndroidManifest.xml:11:5-79
15-->[:common] AndroidManifest.xml:11:22-76
16    <uses-permission android:name="android.permission.DISABLE_KEYGUARD" />
16-->[:common] AndroidManifest.xml:12:5-75
16-->[:common] AndroidManifest.xml:12:22-72
17    <uses-permission android:name="android.permission.KILL_BACKGROUND_PROCESSES" />
17-->[:common] AndroidManifest.xml:13:5-84
17-->[:common] AndroidManifest.xml:13:22-81
18    <uses-permission android:name="android.permission.ACCESS_NETWORK_STATE" />
18-->[:common] AndroidManifest.xml:11:5-79
18-->[:common] AndroidManifest.xml:11:22-76
19    <uses-permission android:name="android.permission.ACCESS_WIFI_STATE" /> <!-- 读取存储权限 -->
19-->[:common] AndroidManifest.xml:18:5-76
19-->[:common] AndroidManifest.xml:18:22-73
20    <uses-permission android:name="android.permission.READ_EXTERNAL_STORAGE" /> <!-- 写存储权限，OSS需要 -->
20-->[:common] AndroidManifest.xml:20:5-80
20-->[:common] AndroidManifest.xml:20:22-77
21    <uses-permission android:name="android.permission.WRITE_EXTERNAL_STORAGE" /> <!-- 录音权限 -->
21-->[:common] AndroidManifest.xml:22:5-81
21-->[:common] AndroidManifest.xml:22:22-78
22    <uses-permission android:name="android.permission.RECORD_AUDIO" />
22-->[:common] AndroidManifest.xml:24:5-71
22-->[:common] AndroidManifest.xml:24:22-68
23    <uses-permission android:name="android.permission.WRITE_EXTERNAL_STORAGE" />
23-->[:common] AndroidManifest.xml:22:5-81
23-->[:common] AndroidManifest.xml:22:22-78
24    <uses-permission android:name="android.permission.READ_PHONE_STATE" />
24-->[:common] AndroidManifest.xml:27:5-75
24-->[:common] AndroidManifest.xml:27:22-72
25    <uses-permission android:name="android.permission.READ_CONTACTS" />
25-->[:common] AndroidManifest.xml:28:5-72
25-->[:common] AndroidManifest.xml:28:22-69
26    <uses-permission android:name="android.permission.RECEIVE_BOOT_COMPLETED" />
26-->[:common] AndroidManifest.xml:29:5-81
26-->[:common] AndroidManifest.xml:29:22-78
27    <uses-permission android:name="android.permission.SEND_SMS" />
27-->[:common] AndroidManifest.xml:30:5-67
27-->[:common] AndroidManifest.xml:30:22-64
28    <uses-permission android:name="android.permission.RECEIVE_SMS" />
28-->[:common] AndroidManifest.xml:31:5-70
28-->[:common] AndroidManifest.xml:31:22-67
29    <uses-permission android:name="android.permission.ACCESS_FINE_LOCATION" /> <!-- //获取准确GPS坐标的权限 -->
29-->[:common] AndroidManifest.xml:32:5-79
29-->[:common] AndroidManifest.xml:32:22-76
30    <uses-permission android:name="android.permission.ACCESS_MOCK_LOCATION" /> <!-- //获取粗略坐标的权限(网络定位时使用) -->
30-->[:common] AndroidManifest.xml:33:5-79
30-->[:common] AndroidManifest.xml:33:22-76
31    <uses-permission android:name="android.permission.VIBRATE" /> <!-- 在窗体上挂在view的权限 -->
31-->[:common] AndroidManifest.xml:35:5-66
31-->[:common] AndroidManifest.xml:35:22-63
32    <uses-permission android:name="android.permission.SYSTEM_ALERT_WINDOW" /> <!-- 去电广播监听的权限 -->
32-->[:common] AndroidManifest.xml:37:5-78
32-->[:common] AndroidManifest.xml:37:22-75
33    <uses-permission android:name="android.permission.PROCESS_OUTGOING_CALLS" /> <!-- 拦截电话需要用到的权限 -->
33-->[:common] AndroidManifest.xml:39:5-81
33-->[:common] AndroidManifest.xml:39:22-78
34    <uses-permission android:name="android.permission.CALL_PHONE" />
34-->[:common] AndroidManifest.xml:41:5-69
34-->[:common] AndroidManifest.xml:41:22-66
35    <uses-permission android:name="android.permission.READ_CALL_LOG" />
35-->[:common] AndroidManifest.xml:42:5-72
35-->[:common] AndroidManifest.xml:42:22-69
36    <uses-permission android:name="android.permission.WRITE_CALL_LOG" />
36-->[:common] AndroidManifest.xml:43:5-73
36-->[:common] AndroidManifest.xml:43:22-70
37    <uses-permission android:name="android.permission.READ_SMS" />
37-->[:common] AndroidManifest.xml:44:5-67
37-->[:common] AndroidManifest.xml:44:22-64
38    <uses-permission android:name="android.permission.WRITE_SMS" /> <!-- 杀死后台进程的权限 -->
38-->[:common] AndroidManifest.xml:45:5-68
38-->[:common] AndroidManifest.xml:45:22-65
39    <uses-permission android:name="android.permission.KILL_BACKGROUND_PROCESSES" />
39-->[:common] AndroidManifest.xml:13:5-84
39-->[:common] AndroidManifest.xml:13:22-81
40    <uses-permission android:name="com.android.launcher.permission.INSTALL_SHORTCUT" />
40-->[:common] AndroidManifest.xml:48:5-88
40-->[:common] AndroidManifest.xml:48:22-85
41    <uses-permission android:name="android.permission.GET_TASKS" />
41-->[:common] AndroidManifest.xml:49:5-68
41-->[:common] AndroidManifest.xml:49:22-65
42    <uses-permission android:name="android.permission.GET_PACKAGE_SIZE" />
42-->[:common] AndroidManifest.xml:50:5-75
42-->[:common] AndroidManifest.xml:50:22-72
43    <uses-permission android:name="android.permission.CLEAR_APP_CACHE" />
43-->[:common] AndroidManifest.xml:51:5-74
43-->[:common] AndroidManifest.xml:51:22-71
44    <uses-permission android:name="android.permission.READ_PHONE_STATE" />
44-->[:common] AndroidManifest.xml:27:5-75
44-->[:common] AndroidManifest.xml:27:22-72
45    <uses-permission android:name="android.permission.ACCESS_NETWORK_STATE" />
45-->[:common] AndroidManifest.xml:11:5-79
45-->[:common] AndroidManifest.xml:11:22-76
46    <uses-permission android:name="android.permission.ACCESS_WIFI_STATE" />
46-->[:common] AndroidManifest.xml:18:5-76
46-->[:common] AndroidManifest.xml:18:22-73
47    <uses-permission android:name="android.permission.WRITE_EXTERNAL_STORAGE" />
47-->[:common] AndroidManifest.xml:22:5-81
47-->[:common] AndroidManifest.xml:22:22-78
48    <uses-permission android:name="android.permission.SYSTEM_ALERT_WINDOW" /> <!-- 以下为可选权限 -->
48-->[:common] AndroidManifest.xml:37:5-78
48-->[:common] AndroidManifest.xml:37:22-75
49    <uses-permission android:name="com.android.launcher.permission.INSTALL_SHORTCUT" />
49-->[:common] AndroidManifest.xml:48:5-88
49-->[:common] AndroidManifest.xml:48:22-85
50    <uses-permission android:name="android.permission.ACCESS_FINE_LOCATION" />
50-->[:common] AndroidManifest.xml:32:5-79
50-->[:common] AndroidManifest.xml:32:22-76
51    <uses-permission android:name="android.permission.ACCESS_NETWORK_STATE" />
51-->[:common] AndroidManifest.xml:11:5-79
51-->[:common] AndroidManifest.xml:11:22-76
52    <uses-permission android:name="android.permission.FOREGROUND_SERVICE" />
52-->[:common] AndroidManifest.xml:66:5-77
52-->[:common] AndroidManifest.xml:66:22-74
53    <uses-permission android:name="android.permission.REORDER_TASKS" />
53-->[androidx.test:core:1.2.0] AndroidManifest.xml:24:5-72
53-->[androidx.test:core:1.2.0] AndroidManifest.xml:24:22-69
54
55    <application
55-->main\module\AndroidManifest.xml:10:5-28:19
56        android:name="debug.DemoApplication"
56-->main\module\AndroidManifest.xml:11:9-45
57        android:allowBackup="true"
57-->main\module\AndroidManifest.xml:12:9-35
58        android:appComponentFactory="androidx.core.app.CoreComponentFactory"
58-->[androidx.core:core:1.2.0] AndroidManifest.xml:24:18-86
59        android:debuggable="true"
60        android:icon="@mipmap/ic_launcher"
60-->main\module\AndroidManifest.xml:13:9-43
61        android:label="@string/app_name"
61-->main\module\AndroidManifest.xml:14:9-41
62        android:supportsRtl="true"
62-->main\module\AndroidManifest.xml:15:9-35
63        android:theme="@style/AppTheme" >
63-->main\module\AndroidManifest.xml:16:9-40
64        <activity android:name="com.plkj.demo.socket.SocketActivity" />
64-->main\module\AndroidManifest.xml:17:9-58
64-->main\module\AndroidManifest.xml:17:19-56
65        <activity android:name="com.plkj.demo.lot.gps.GPSActivity" />
65-->main\module\AndroidManifest.xml:18:9-57
65-->main\module\AndroidManifest.xml:18:19-54
66        <activity android:name="com.plkj.demo.lot.bluetooth.BluetoothActivity" />
66-->main\module\AndroidManifest.xml:19:9-69
66-->main\module\AndroidManifest.xml:19:19-66
67        <activity android:name="com.plkj.demo.lot.sensor.SensorActivity" />
67-->main\module\AndroidManifest.xml:20:9-63
67-->main\module\AndroidManifest.xml:20:19-60
68        <activity android:name="com.plkj.demo.DemoMainActivity" >
68-->main\module\AndroidManifest.xml:21:9-27:20
68-->main\module\AndroidManifest.xml:21:19-51
69            <intent-filter>
69-->main\module\AndroidManifest.xml:22:13-26:29
70                <action android:name="android.intent.action.MAIN" />
70-->main\module\AndroidManifest.xml:23:17-69
70-->main\module\AndroidManifest.xml:23:25-66
71
72                <category android:name="android.intent.category.LAUNCHER" />
72-->main\module\AndroidManifest.xml:25:17-77
72-->main\module\AndroidManifest.xml:25:27-74
73            </intent-filter>
74        </activity>
75        <activity
75-->[com.yanzhenjie:permission:1.1.2] AndroidManifest.xml:25:9-30:75
76            android:name="com.yanzhenjie.permission.PermissionActivity"
76-->[com.yanzhenjie:permission:1.1.2] AndroidManifest.xml:26:13-72
77            android:configChanges="keyboardHidden|orientation|screenSize"
77-->[com.yanzhenjie:permission:1.1.2] AndroidManifest.xml:27:13-74
78            android:launchMode="standard"
78-->[com.yanzhenjie:permission:1.1.2] AndroidManifest.xml:28:13-42
79            android:theme="@style/permission_PermissionActivity"
79-->[com.yanzhenjie:permission:1.1.2] AndroidManifest.xml:29:13-65
80            android:windowSoftInputMode="stateHidden|stateAlwaysHidden" />
80-->[com.yanzhenjie:permission:1.1.2] AndroidManifest.xml:30:13-72
81        <activity
81-->[androidx.test:core:1.2.0] AndroidManifest.xml:27:9-33:20
82            android:name="androidx.test.core.app.InstrumentationActivityInvoker$BootstrapActivity"
82-->[androidx.test:core:1.2.0] AndroidManifest.xml:28:13-99
83            android:theme="@android:style/Theme" >
83-->[androidx.test:core:1.2.0] AndroidManifest.xml:29:13-49
84            <intent-filter>
84-->[androidx.test:core:1.2.0] AndroidManifest.xml:30:13-32:29
85                <action android:name="android.intent.action.MAIN" />
85-->main\module\AndroidManifest.xml:23:17-69
85-->main\module\AndroidManifest.xml:23:25-66
86            </intent-filter>
87        </activity>
88        <activity
88-->[androidx.test:core:1.2.0] AndroidManifest.xml:34:9-40:20
89            android:name="androidx.test.core.app.InstrumentationActivityInvoker$EmptyActivity"
89-->[androidx.test:core:1.2.0] AndroidManifest.xml:35:13-95
90            android:theme="@android:style/Theme" >
90-->[androidx.test:core:1.2.0] AndroidManifest.xml:36:13-49
91            <intent-filter>
91-->[androidx.test:core:1.2.0] AndroidManifest.xml:30:13-32:29
92                <action android:name="android.intent.action.MAIN" />
92-->main\module\AndroidManifest.xml:23:17-69
92-->main\module\AndroidManifest.xml:23:25-66
93            </intent-filter>
94        </activity>
95        <activity
95-->[androidx.test:core:1.2.0] AndroidManifest.xml:41:9-47:20
96            android:name="androidx.test.core.app.InstrumentationActivityInvoker$EmptyFloatingActivity"
96-->[androidx.test:core:1.2.0] AndroidManifest.xml:42:13-103
97            android:theme="@android:style/Theme.Dialog" >
97-->[androidx.test:core:1.2.0] AndroidManifest.xml:43:13-56
98            <intent-filter>
98-->[androidx.test:core:1.2.0] AndroidManifest.xml:30:13-32:29
99                <action android:name="android.intent.action.MAIN" />
99-->main\module\AndroidManifest.xml:23:17-69
99-->main\module\AndroidManifest.xml:23:25-66
100            </intent-filter>
101        </activity>
102    </application>
103
104</manifest>